<?xml version="1.0" encoding="UTF-8"?>
<!-- Generated by org.testng.reporters.JUnitReportReporter -->
<testsuite skipped="0" hostname="DESKTOP-RH8L68U" name="org.informatica.tc.GoogleSearchTC" tests="1" failures="0" timestamp="2021-12-19T11:32:14 PST" time="25.575" errors="0">
  <testcase name="GoogleSearchImageTest" time="25.575" classname="org.informatica.tc.GoogleSearchTC"/>
  <system-out>
    <![CDATA[Text entered in Search Box: 19 of May
Switched to the Images Tab
Able to Search for thr Product Successfully. Product: 19 of May]]>
  </system-out>
</testsuite> <!-- org.informatica.tc.GoogleSearchTC -->
