<?xml version="1.0" encoding="UTF-8"?>
<!-- Generated by org.testng.reporters.JUnitReportReporter -->
<testsuite skipped="0" hostname="DESKTOP-RH8L68U" name="org.informatica.tc.GoogleSearchTC" tests="2" failures="0" timestamp="2021-12-20T23:27:26 MSK" time="10.671" errors="0">
  <testcase name="GoogleSearchImageTest" time="5.564" classname="org.informatica.tc.GoogleSearchTC"/>
  <system-out>
    <![CDATA[Text entered in Search Box: 12 of May
Switched to the Images Tab
The search result is not empty. Number of found results: 132
Able to Search for thr Product Successfully. Product: 12 of May]]>
  </system-out>
  <testcase name="GoogleSearchImageTest" time="5.107" classname="org.informatica.tc.GoogleSearchTC"/>
  <system-out>
    <![CDATA[Text entered in Search Box: 19 of May
Switched to the Images Tab
The search result is not empty. Number of found results: 41
Able to Search for the Images Successfully. Search text: 19 of May]]>
  </system-out>
</testsuite> <!-- org.informatica.tc.GoogleSearchTC -->
